[2025-05-13 08:53:39Z INFO HostContext] No proxy settings were found based on environmental variables (http_proxy/https_proxy/HTTP_PROXY/HTTPS_PROXY)
[2025-05-13 08:53:39Z INFO HostContext] Well known directory 'Bin': 'F:\CloudDrive\UNI\Semester 8 + 6\SCD\Project\scdproject\runner\bin'
[2025-05-13 08:53:39Z INFO HostContext] Well known directory 'Root': 'F:\CloudDrive\UNI\Semester 8 + 6\SCD\Project\scdproject\runner'
[2025-05-13 08:53:39Z INFO HostContext] Well known config file 'Credentials': 'F:\CloudDrive\UNI\Semester 8 + 6\SCD\Project\scdproject\runner\.credentials'
[2025-05-13 08:53:39Z INFO HostContext] Well known directory 'Bin': 'F:\CloudDrive\UNI\Semester 8 + 6\SCD\Project\scdproject\runner\bin'
[2025-05-13 08:53:39Z INFO HostContext] Well known directory 'Root': 'F:\CloudDrive\UNI\Semester 8 + 6\SCD\Project\scdproject\runner'
[2025-05-13 08:53:39Z INFO HostContext] Well known config file 'Runner': 'F:\CloudDrive\UNI\Semester 8 + 6\SCD\Project\scdproject\runner\.runner'
[2025-05-13 08:53:39Z INFO Listener] Runner is built for Windows (X64) - win-x64.
[2025-05-13 08:53:39Z INFO Listener] RuntimeInformation: Microsoft Windows 10.0.26100.
[2025-05-13 08:53:39Z INFO Listener] Version: 2.323.0
[2025-05-13 08:53:39Z INFO Listener] Commit: d8b82f44a9ec0258904d5869ae683c31d5aac299
[2025-05-13 08:53:39Z INFO Listener] Culture: en-PK
[2025-05-13 08:53:39Z INFO Listener] UI Culture: en-US
[2025-05-13 08:53:39Z INFO HostContext] Well known directory 'Bin': 'F:\CloudDrive\UNI\Semester 8 + 6\SCD\Project\scdproject\runner\bin'
[2025-05-13 08:53:39Z INFO HostContext] Well known directory 'Root': 'F:\CloudDrive\UNI\Semester 8 + 6\SCD\Project\scdproject\runner'
[2025-05-13 08:53:39Z INFO Listener] Validating directory permissions for: 'F:\CloudDrive\UNI\Semester 8 + 6\SCD\Project\scdproject\runner'
[2025-05-13 08:53:39Z INFO CommandLineParser] Parse
[2025-05-13 08:53:39Z INFO CommandLineParser] Parsing 1 args
[2025-05-13 08:53:39Z INFO CommandLineParser] parsing argument
[2025-05-13 08:53:39Z INFO CommandLineParser] HasArgs: False
[2025-05-13 08:53:39Z INFO CommandLineParser] Adding Command: run
[2025-05-13 08:53:39Z INFO Listener] Arguments parsed
[2025-05-13 08:53:39Z INFO Runner] ExecuteCommand
[2025-05-13 08:53:39Z INFO ConfigurationStore] currentAssemblyLocation: F:\CloudDrive\UNI\Semester 8 + 6\SCD\Project\scdproject\runner\bin\Runner.Listener.dll
[2025-05-13 08:53:39Z INFO HostContext] Well known directory 'Bin': 'F:\CloudDrive\UNI\Semester 8 + 6\SCD\Project\scdproject\runner\bin'
[2025-05-13 08:53:39Z INFO ConfigurationStore] binPath: F:\CloudDrive\UNI\Semester 8 + 6\SCD\Project\scdproject\runner\bin
[2025-05-13 08:53:39Z INFO HostContext] Well known directory 'Bin': 'F:\CloudDrive\UNI\Semester 8 + 6\SCD\Project\scdproject\runner\bin'
[2025-05-13 08:53:39Z INFO HostContext] Well known directory 'Root': 'F:\CloudDrive\UNI\Semester 8 + 6\SCD\Project\scdproject\runner'
[2025-05-13 08:53:39Z INFO ConfigurationStore] RootFolder: F:\CloudDrive\UNI\Semester 8 + 6\SCD\Project\scdproject\runner
[2025-05-13 08:53:39Z INFO HostContext] Well known directory 'Bin': 'F:\CloudDrive\UNI\Semester 8 + 6\SCD\Project\scdproject\runner\bin'
[2025-05-13 08:53:39Z INFO HostContext] Well known directory 'Root': 'F:\CloudDrive\UNI\Semester 8 + 6\SCD\Project\scdproject\runner'
[2025-05-13 08:53:39Z INFO HostContext] Well known config file 'Runner': 'F:\CloudDrive\UNI\Semester 8 + 6\SCD\Project\scdproject\runner\.runner'
[2025-05-13 08:53:39Z INFO ConfigurationStore] ConfigFilePath: F:\CloudDrive\UNI\Semester 8 + 6\SCD\Project\scdproject\runner\.runner
[2025-05-13 08:53:39Z INFO HostContext] Well known directory 'Bin': 'F:\CloudDrive\UNI\Semester 8 + 6\SCD\Project\scdproject\runner\bin'
[2025-05-13 08:53:39Z INFO HostContext] Well known directory 'Root': 'F:\CloudDrive\UNI\Semester 8 + 6\SCD\Project\scdproject\runner'
[2025-05-13 08:53:39Z INFO HostContext] Well known config file 'MigratedRunner': 'F:\CloudDrive\UNI\Semester 8 + 6\SCD\Project\scdproject\runner\.runner_migrated'
[2025-05-13 08:53:39Z INFO ConfigurationStore] MigratedConfigFilePath: F:\CloudDrive\UNI\Semester 8 + 6\SCD\Project\scdproject\runner\.runner_migrated
[2025-05-13 08:53:39Z INFO HostContext] Well known directory 'Bin': 'F:\CloudDrive\UNI\Semester 8 + 6\SCD\Project\scdproject\runner\bin'
[2025-05-13 08:53:39Z INFO HostContext] Well known directory 'Root': 'F:\CloudDrive\UNI\Semester 8 + 6\SCD\Project\scdproject\runner'
[2025-05-13 08:53:39Z INFO HostContext] Well known config file 'Credentials': 'F:\CloudDrive\UNI\Semester 8 + 6\SCD\Project\scdproject\runner\.credentials'
[2025-05-13 08:53:39Z INFO ConfigurationStore] CredFilePath: F:\CloudDrive\UNI\Semester 8 + 6\SCD\Project\scdproject\runner\.credentials
[2025-05-13 08:53:39Z INFO HostContext] Well known directory 'Bin': 'F:\CloudDrive\UNI\Semester 8 + 6\SCD\Project\scdproject\runner\bin'
[2025-05-13 08:53:39Z INFO HostContext] Well known directory 'Root': 'F:\CloudDrive\UNI\Semester 8 + 6\SCD\Project\scdproject\runner'
[2025-05-13 08:53:39Z INFO HostContext] Well known config file 'MigratedCredentials': 'F:\CloudDrive\UNI\Semester 8 + 6\SCD\Project\scdproject\runner\.credentials_migrated'
[2025-05-13 08:53:39Z INFO ConfigurationStore] MigratedCredFilePath: F:\CloudDrive\UNI\Semester 8 + 6\SCD\Project\scdproject\runner\.credentials_migrated
[2025-05-13 08:53:39Z INFO HostContext] Well known directory 'Bin': 'F:\CloudDrive\UNI\Semester 8 + 6\SCD\Project\scdproject\runner\bin'
[2025-05-13 08:53:39Z INFO HostContext] Well known directory 'Root': 'F:\CloudDrive\UNI\Semester 8 + 6\SCD\Project\scdproject\runner'
[2025-05-13 08:53:39Z INFO HostContext] Well known config file 'Service': 'F:\CloudDrive\UNI\Semester 8 + 6\SCD\Project\scdproject\runner\.service'
[2025-05-13 08:53:39Z INFO ConfigurationStore] ServiceConfigFilePath: F:\CloudDrive\UNI\Semester 8 + 6\SCD\Project\scdproject\runner\.service
[2025-05-13 08:53:39Z INFO CommandSettings] Flag 'help': 'False'
[2025-05-13 08:53:39Z INFO CommandSettings] Flag 'version': 'False'
[2025-05-13 08:53:39Z INFO CommandSettings] Flag 'commit': 'False'
[2025-05-13 08:53:39Z INFO CommandSettings] Flag 'check': 'False'
[2025-05-13 08:53:39Z INFO CommandSettings] Command 'configure': 'False'
[2025-05-13 08:53:39Z INFO CommandSettings] Command 'remove': 'False'
[2025-05-13 08:53:39Z INFO CommandSettings] Command 'warmup': 'False'
[2025-05-13 08:53:39Z INFO ConfigurationManager] LoadSettings
[2025-05-13 08:53:39Z INFO ConfigurationStore] IsConfigured()
[2025-05-13 08:53:39Z INFO ConfigurationStore] IsConfigured: True
[2025-05-13 08:53:39Z INFO ConfigurationManager] Is configured: True
[2025-05-13 08:53:39Z INFO ConfigurationStore] Read setting file: 303 chars
[2025-05-13 08:53:39Z INFO ConfigurationManager] Settings Loaded
[2025-05-13 08:53:39Z INFO ConfigurationStore] IsServiceConfigured()
[2025-05-13 08:53:39Z INFO ConfigurationStore] IsServiceConfigured: False
[2025-05-13 08:53:39Z INFO CommandSettings] Command 'run': 'True'
[2025-05-13 08:53:39Z INFO ConfigurationStore] IsConfigured()
[2025-05-13 08:53:39Z INFO ConfigurationStore] IsConfigured: True
[2025-05-13 08:53:39Z INFO ConfigurationManager] Is configured: True
[2025-05-13 08:53:39Z INFO Runner] Could not parse the argument value '' for StartupType. Defaulting to Manual
[2025-05-13 08:53:39Z INFO Runner] Set runner startup type - Manual
[2025-05-13 08:53:39Z INFO CommandSettings] Flag 'once': 'False'
[2025-05-13 08:53:39Z INFO CommandSettings] Flag 'once': 'False'
[2025-05-13 08:53:39Z INFO Runner] RunAsync
[2025-05-13 08:53:39Z INFO ConfigurationManager] LoadSettings
[2025-05-13 08:53:39Z INFO ConfigurationStore] IsConfigured()
[2025-05-13 08:53:39Z INFO ConfigurationStore] IsConfigured: True
[2025-05-13 08:53:39Z INFO ConfigurationManager] Is configured: True
[2025-05-13 08:53:39Z INFO ConfigurationManager] Settings Loaded
[2025-05-13 08:53:39Z INFO MessageListener] {
  "AgentId": 2,
  "AgentName": "SCD_Project",
  "PoolId": 1,
  "PoolName": "Default",
  "ServerUrl": "https://pipelinesghubeus3.actions.githubusercontent.com/Imm20p0QiNYOQYn76Xany76qegPOnb1uoBEi7dDQlm9T8lpLK3/",
  "GitHubUrl": "https://github.com/roshi12/scdproject",
  "WorkFolder": "_work"
}
[2025-05-13 08:53:39Z INFO MessageListener] Loading Credentials
[2025-05-13 08:53:39Z INFO ConfigurationStore] HasCredentials()
[2025-05-13 08:53:39Z INFO ConfigurationStore] stored True
[2025-05-13 08:53:39Z INFO CredentialManager] GetCredentialProvider
[2025-05-13 08:53:39Z INFO CredentialManager] Creating type OAuth
[2025-05-13 08:53:39Z INFO CredentialManager] Creating credential type: OAuth
[2025-05-13 08:53:39Z INFO HostContext] Well known directory 'Bin': 'F:\CloudDrive\UNI\Semester 8 + 6\SCD\Project\scdproject\runner\bin'
[2025-05-13 08:53:39Z INFO HostContext] Well known directory 'Root': 'F:\CloudDrive\UNI\Semester 8 + 6\SCD\Project\scdproject\runner'
[2025-05-13 08:53:39Z INFO HostContext] Well known config file 'RSACredentials': 'F:\CloudDrive\UNI\Semester 8 + 6\SCD\Project\scdproject\runner\.credentials_rsaparams'
[2025-05-13 08:53:39Z INFO RSAEncryptedFileKeyManager] Loading RSA key parameters from file F:\CloudDrive\UNI\Semester 8 + 6\SCD\Project\scdproject\runner\.credentials_rsaparams
[2025-05-13 08:53:39Z INFO MessageListener] Attempt to create session.
[2025-05-13 08:53:39Z INFO MessageListener] Connecting to the Runner Server...
[2025-05-13 08:53:39Z INFO RunnerServer] EstablishVssConnection
[2025-05-13 08:53:39Z INFO RunnerServer] Establish connection with 100 seconds timeout.
[2025-05-13 08:53:39Z INFO GitHubActionsService] Starting operation Location.GetConnectionData
[2025-05-13 08:53:39Z INFO RunnerServer] EstablishVssConnection
[2025-05-13 08:53:39Z INFO RunnerServer] Establish connection with 60 seconds timeout.
[2025-05-13 08:53:39Z INFO GitHubActionsService] Starting operation Location.GetConnectionData
[2025-05-13 08:53:39Z INFO RunnerServer] EstablishVssConnection
[2025-05-13 08:53:39Z INFO RunnerServer] Establish connection with 60 seconds timeout.
[2025-05-13 08:53:39Z INFO GitHubActionsService] Starting operation Location.GetConnectionData
[2025-05-13 08:53:40Z INFO GitHubActionsService] Finished operation Location.GetConnectionData
[2025-05-13 08:53:40Z INFO GitHubActionsService] Finished operation Location.GetConnectionData
[2025-05-13 08:53:40Z INFO GitHubActionsService] Finished operation Location.GetConnectionData
[2025-05-13 08:53:40Z INFO MessageListener] VssConnection created
[2025-05-13 08:53:40Z INFO Terminal] WRITE LINE: 
[2025-05-13 08:53:40Z INFO Terminal] WRITE LINE: 
[2025-05-13 08:53:41Z INFO RSAEncryptedFileKeyManager] Loading RSA key parameters from file F:\CloudDrive\UNI\Semester 8 + 6\SCD\Project\scdproject\runner\.credentials_rsaparams
[2025-05-13 08:53:41Z INFO RSAEncryptedFileKeyManager] Loading RSA key parameters from file F:\CloudDrive\UNI\Semester 8 + 6\SCD\Project\scdproject\runner\.credentials_rsaparams
[2025-05-13 08:53:42Z INFO GitHubActionsService] AAD Correlation ID for this token request: Unknown
[2025-05-13 08:53:42Z INFO MessageListener] Session created.
[2025-05-13 08:53:42Z INFO Terminal] WRITE LINE: Current runner version: '2.323.0'
[2025-05-13 08:53:42Z INFO Terminal] WRITE LINE: 2025-05-13 08:53:42Z: Listening for Jobs
[2025-05-13 08:53:42Z INFO JobDispatcher] Set runner/worker IPC timeout to 30 seconds.
[2025-05-13 08:53:42Z INFO RSAEncryptedFileKeyManager] Loading RSA key parameters from file F:\CloudDrive\UNI\Semester 8 + 6\SCD\Project\scdproject\runner\.credentials_rsaparams
[2025-05-13 08:53:43Z INFO GitHubActionsService] AAD Correlation ID for this token request: Unknown
