[2025-05-13 08:46:25Z INFO HostContext] No proxy settings were found based on environmental variables (http_proxy/https_proxy/HTTP_PROXY/HTTPS_PROXY)
[2025-05-13 08:46:25Z INFO HostContext] Well known directory 'Bin': 'F:\CloudDrive\UNI\Semester 8 + 6\SCD\Project\scdproject\runner\bin'
[2025-05-13 08:46:25Z INFO HostContext] Well known directory 'Root': 'F:\CloudDrive\UNI\Semester 8 + 6\SCD\Project\scdproject\runner'
[2025-05-13 08:46:25Z INFO HostContext] Well known config file 'Credentials': 'F:\CloudDrive\UNI\Semester 8 + 6\SCD\Project\scdproject\runner\.credentials'
[2025-05-13 08:46:25Z INFO HostContext] Well known directory 'Bin': 'F:\CloudDrive\UNI\Semester 8 + 6\SCD\Project\scdproject\runner\bin'
[2025-05-13 08:46:25Z INFO HostContext] Well known directory 'Root': 'F:\CloudDrive\UNI\Semester 8 + 6\SCD\Project\scdproject\runner'
[2025-05-13 08:46:25Z INFO HostContext] Well known config file 'Runner': 'F:\CloudDrive\UNI\Semester 8 + 6\SCD\Project\scdproject\runner\.runner'
[2025-05-13 08:46:25Z INFO Listener] Runner is built for Windows (X64) - win-x64.
[2025-05-13 08:46:25Z INFO Listener] RuntimeInformation: Microsoft Windows 10.0.26100.
[2025-05-13 08:46:25Z INFO Listener] Version: 2.323.0
[2025-05-13 08:46:25Z INFO Listener] Commit: d8b82f44a9ec0258904d5869ae683c31d5aac299
[2025-05-13 08:46:25Z INFO Listener] Culture: en-PK
[2025-05-13 08:46:25Z INFO Listener] UI Culture: en-US
[2025-05-13 08:46:25Z INFO HostContext] Well known directory 'Bin': 'F:\CloudDrive\UNI\Semester 8 + 6\SCD\Project\scdproject\runner\bin'
[2025-05-13 08:46:25Z INFO HostContext] Well known directory 'Root': 'F:\CloudDrive\UNI\Semester 8 + 6\SCD\Project\scdproject\runner'
[2025-05-13 08:46:25Z INFO Listener] Validating directory permissions for: 'F:\CloudDrive\UNI\Semester 8 + 6\SCD\Project\scdproject\runner'
[2025-05-13 08:46:25Z INFO CommandLineParser] Parse
[2025-05-13 08:46:25Z INFO CommandLineParser] Parsing 5 args
[2025-05-13 08:46:25Z INFO CommandLineParser] parsing argument
[2025-05-13 08:46:25Z INFO CommandLineParser] HasArgs: False
[2025-05-13 08:46:25Z INFO CommandLineParser] Adding Command: configure
[2025-05-13 08:46:25Z INFO CommandLineParser] parsing argument
[2025-05-13 08:46:25Z INFO CommandLineParser] HasArgs: True
[2025-05-13 08:46:25Z INFO CommandLineParser] arg: url
[2025-05-13 08:46:25Z INFO CommandLineParser] parsing argument
[2025-05-13 08:46:25Z INFO CommandLineParser] HasArgs: True
[2025-05-13 08:46:25Z INFO CommandLineParser] Adding option 'url': 'https://github.com/roshi12/scdproject'
[2025-05-13 08:46:25Z INFO CommandLineParser] parsing argument
[2025-05-13 08:46:25Z INFO CommandLineParser] HasArgs: True
[2025-05-13 08:46:25Z INFO CommandLineParser] arg: token
[2025-05-13 08:46:25Z INFO CommandLineParser] parsing argument
[2025-05-13 08:46:25Z INFO CommandLineParser] HasArgs: True
[2025-05-13 08:46:25Z INFO CommandLineParser] Adding option 'token': '***'
[2025-05-13 08:46:25Z INFO Listener] Arguments parsed
[2025-05-13 08:46:25Z INFO Runner] ExecuteCommand
[2025-05-13 08:46:25Z INFO ConfigurationStore] currentAssemblyLocation: F:\CloudDrive\UNI\Semester 8 + 6\SCD\Project\scdproject\runner\bin\Runner.Listener.dll
[2025-05-13 08:46:25Z INFO HostContext] Well known directory 'Bin': 'F:\CloudDrive\UNI\Semester 8 + 6\SCD\Project\scdproject\runner\bin'
[2025-05-13 08:46:25Z INFO ConfigurationStore] binPath: F:\CloudDrive\UNI\Semester 8 + 6\SCD\Project\scdproject\runner\bin
[2025-05-13 08:46:25Z INFO HostContext] Well known directory 'Bin': 'F:\CloudDrive\UNI\Semester 8 + 6\SCD\Project\scdproject\runner\bin'
[2025-05-13 08:46:25Z INFO HostContext] Well known directory 'Root': 'F:\CloudDrive\UNI\Semester 8 + 6\SCD\Project\scdproject\runner'
[2025-05-13 08:46:25Z INFO ConfigurationStore] RootFolder: F:\CloudDrive\UNI\Semester 8 + 6\SCD\Project\scdproject\runner
[2025-05-13 08:46:25Z INFO HostContext] Well known directory 'Bin': 'F:\CloudDrive\UNI\Semester 8 + 6\SCD\Project\scdproject\runner\bin'
[2025-05-13 08:46:25Z INFO HostContext] Well known directory 'Root': 'F:\CloudDrive\UNI\Semester 8 + 6\SCD\Project\scdproject\runner'
[2025-05-13 08:46:25Z INFO HostContext] Well known config file 'Runner': 'F:\CloudDrive\UNI\Semester 8 + 6\SCD\Project\scdproject\runner\.runner'
[2025-05-13 08:46:25Z INFO ConfigurationStore] ConfigFilePath: F:\CloudDrive\UNI\Semester 8 + 6\SCD\Project\scdproject\runner\.runner
[2025-05-13 08:46:25Z INFO HostContext] Well known directory 'Bin': 'F:\CloudDrive\UNI\Semester 8 + 6\SCD\Project\scdproject\runner\bin'
[2025-05-13 08:46:25Z INFO HostContext] Well known directory 'Root': 'F:\CloudDrive\UNI\Semester 8 + 6\SCD\Project\scdproject\runner'
[2025-05-13 08:46:25Z INFO HostContext] Well known config file 'MigratedRunner': 'F:\CloudDrive\UNI\Semester 8 + 6\SCD\Project\scdproject\runner\.runner_migrated'
[2025-05-13 08:46:25Z INFO ConfigurationStore] MigratedConfigFilePath: F:\CloudDrive\UNI\Semester 8 + 6\SCD\Project\scdproject\runner\.runner_migrated
[2025-05-13 08:46:25Z INFO HostContext] Well known directory 'Bin': 'F:\CloudDrive\UNI\Semester 8 + 6\SCD\Project\scdproject\runner\bin'
[2025-05-13 08:46:25Z INFO HostContext] Well known directory 'Root': 'F:\CloudDrive\UNI\Semester 8 + 6\SCD\Project\scdproject\runner'
[2025-05-13 08:46:25Z INFO HostContext] Well known config file 'Credentials': 'F:\CloudDrive\UNI\Semester 8 + 6\SCD\Project\scdproject\runner\.credentials'
[2025-05-13 08:46:25Z INFO ConfigurationStore] CredFilePath: F:\CloudDrive\UNI\Semester 8 + 6\SCD\Project\scdproject\runner\.credentials
[2025-05-13 08:46:25Z INFO HostContext] Well known directory 'Bin': 'F:\CloudDrive\UNI\Semester 8 + 6\SCD\Project\scdproject\runner\bin'
[2025-05-13 08:46:25Z INFO HostContext] Well known directory 'Root': 'F:\CloudDrive\UNI\Semester 8 + 6\SCD\Project\scdproject\runner'
[2025-05-13 08:46:25Z INFO HostContext] Well known config file 'MigratedCredentials': 'F:\CloudDrive\UNI\Semester 8 + 6\SCD\Project\scdproject\runner\.credentials_migrated'
[2025-05-13 08:46:25Z INFO ConfigurationStore] MigratedCredFilePath: F:\CloudDrive\UNI\Semester 8 + 6\SCD\Project\scdproject\runner\.credentials_migrated
[2025-05-13 08:46:25Z INFO HostContext] Well known directory 'Bin': 'F:\CloudDrive\UNI\Semester 8 + 6\SCD\Project\scdproject\runner\bin'
[2025-05-13 08:46:25Z INFO HostContext] Well known directory 'Root': 'F:\CloudDrive\UNI\Semester 8 + 6\SCD\Project\scdproject\runner'
[2025-05-13 08:46:25Z INFO HostContext] Well known config file 'Service': 'F:\CloudDrive\UNI\Semester 8 + 6\SCD\Project\scdproject\runner\.service'
[2025-05-13 08:46:25Z INFO ConfigurationStore] ServiceConfigFilePath: F:\CloudDrive\UNI\Semester 8 + 6\SCD\Project\scdproject\runner\.service
[2025-05-13 08:46:25Z INFO CommandSettings] Flag 'help': 'False'
[2025-05-13 08:46:25Z INFO CommandSettings] Flag 'version': 'False'
[2025-05-13 08:46:25Z INFO CommandSettings] Flag 'commit': 'False'
[2025-05-13 08:46:25Z INFO CommandSettings] Flag 'check': 'False'
[2025-05-13 08:46:25Z INFO CommandSettings] Command 'configure': 'True'
[2025-05-13 08:46:25Z INFO Terminal] WRITE LINE: 
[2025-05-13 08:46:25Z INFO Terminal] WRITE LINE: --------------------------------------------------------------------------------
[2025-05-13 08:46:25Z INFO Terminal] WRITE LINE: |        ____ _ _   _   _       _          _        _   _                      |
[2025-05-13 08:46:25Z INFO Terminal] WRITE LINE: |       / ___(_) |_| | | |_   _| |__      / \   ___| |_(_) ___  _ __  ___      |
[2025-05-13 08:46:25Z INFO Terminal] WRITE LINE: |      | |  _| | __| |_| | | | | '_ \    / _ \ / __| __| |/ _ \| '_ \/ __|     |
[2025-05-13 08:46:25Z INFO Terminal] WRITE LINE: |      | |_| | | |_|  _  | |_| | |_) |  / ___ \ (__| |_| | (_) | | | \__ \     |
[2025-05-13 08:46:25Z INFO Terminal] WRITE LINE: |       \____|_|\__|_| |_|\__,_|_.__/  /_/   \_\___|\__|_|\___/|_| |_|___/     |
[2025-05-13 08:46:25Z INFO Terminal] WRITE LINE: |                                                                              |
[2025-05-13 08:46:25Z INFO Terminal] WRITE: |                       
[2025-05-13 08:46:25Z INFO Terminal] WRITE: Self-hosted runner registration
[2025-05-13 08:46:25Z INFO Terminal] WRITE LINE:                         |
[2025-05-13 08:46:25Z INFO Terminal] WRITE LINE: |                                                                              |
[2025-05-13 08:46:25Z INFO Terminal] WRITE LINE: --------------------------------------------------------------------------------
[2025-05-13 08:46:25Z INFO ConfigurationManager] ConfigureAsync
[2025-05-13 08:46:25Z INFO CommandSettings] Flag 'generateServiceConfig': 'False'
[2025-05-13 08:46:25Z INFO ConfigurationStore] IsConfigured()
[2025-05-13 08:46:25Z INFO ConfigurationStore] IsConfigured: False
[2025-05-13 08:46:25Z INFO ConfigurationManager] Is configured: False
[2025-05-13 08:46:25Z INFO CommandSettings] Arg 'url': 'https://github.com/roshi12/scdproject'
[2025-05-13 08:46:25Z INFO CommandSettings] Remove url from Arg dictionary.
[2025-05-13 08:46:25Z INFO CommandSettings] Arg 'token': '***'
[2025-05-13 08:46:25Z INFO CommandSettings] Remove token from Arg dictionary.
[2025-05-13 08:46:25Z INFO ConfigurationManager] Http response code: OK from 'POST https://api.github.com/actions/runner-registration' (E362:3169B9:3D5AAC:4E4A61:682306E2)
[2025-05-13 08:46:25Z INFO ConfigurationManager] Using V2 flow: False
[2025-05-13 08:46:25Z INFO ConfigurationManager] cred retrieved via GitHub auth
[2025-05-13 08:46:25Z INFO RunnerServer] EstablishVssConnection
[2025-05-13 08:46:25Z INFO RunnerServer] Establish connection with 100 seconds timeout.
[2025-05-13 08:46:26Z INFO GitHubActionsService] Starting operation Location.GetConnectionData
[2025-05-13 08:46:26Z INFO RunnerServer] EstablishVssConnection
[2025-05-13 08:46:26Z INFO RunnerServer] Establish connection with 60 seconds timeout.
[2025-05-13 08:46:26Z INFO GitHubActionsService] Starting operation Location.GetConnectionData
[2025-05-13 08:46:26Z INFO RunnerServer] EstablishVssConnection
[2025-05-13 08:46:26Z INFO RunnerServer] Establish connection with 60 seconds timeout.
[2025-05-13 08:46:26Z INFO GitHubActionsService] Starting operation Location.GetConnectionData
[2025-05-13 08:46:27Z INFO GitHubActionsService] Finished operation Location.GetConnectionData
[2025-05-13 08:46:27Z INFO GitHubActionsService] Finished operation Location.GetConnectionData
[2025-05-13 08:46:27Z INFO GitHubActionsService] Finished operation Location.GetConnectionData
[2025-05-13 08:46:27Z INFO Terminal] WRITE LINE: 
[2025-05-13 08:46:27Z INFO ConfigurationManager] Test Connection complete.
[2025-05-13 08:46:27Z INFO HostContext] Well known directory 'Bin': 'F:\CloudDrive\UNI\Semester 8 + 6\SCD\Project\scdproject\runner\bin'
[2025-05-13 08:46:27Z INFO HostContext] Well known directory 'Root': 'F:\CloudDrive\UNI\Semester 8 + 6\SCD\Project\scdproject\runner'
[2025-05-13 08:46:27Z INFO HostContext] Well known config file 'RSACredentials': 'F:\CloudDrive\UNI\Semester 8 + 6\SCD\Project\scdproject\runner\.credentials_rsaparams'
[2025-05-13 08:46:27Z INFO RSAEncryptedFileKeyManager] Creating new RSA key using 2048-bit key length
[2025-05-13 08:46:27Z INFO RSAEncryptedFileKeyManager] Successfully saved RSA key parameters to file F:\CloudDrive\UNI\Semester 8 + 6\SCD\Project\scdproject\runner\.credentials_rsaparams
[2025-05-13 08:46:28Z INFO CommandSettings] Arg 'runnergroup': ''
[2025-05-13 08:46:28Z INFO CommandSettings] Flag 'unattended': 'False'
[2025-05-13 08:46:28Z INFO PromptManager] ReadValue
[2025-05-13 08:46:28Z INFO Terminal] WRITE: Enter the name of the runner group to add this runner to: 
[2025-05-13 08:46:28Z INFO Terminal] WRITE: [press Enter for Default] 
[2025-05-13 08:46:28Z INFO Terminal] READ LINE
[2025-05-13 08:46:44Z INFO Terminal] Read value: ''
[2025-05-13 08:46:44Z INFO PromptManager] Falling back to the default: 'Default'
[2025-05-13 08:46:44Z INFO Terminal] WRITE LINE: 
[2025-05-13 08:46:44Z INFO ConfigurationManager] Found a self-hosted runner group with id 1 and name Default
[2025-05-13 08:46:44Z INFO CommandSettings] Flag 'disableupdate': 'False'
[2025-05-13 08:46:44Z INFO CommandSettings] Flag 'ephemeral': 'False'
[2025-05-13 08:46:44Z INFO CommandSettings] Arg 'name': ''
[2025-05-13 08:46:44Z INFO CommandSettings] Flag 'unattended': 'False'
[2025-05-13 08:46:44Z INFO PromptManager] ReadValue
[2025-05-13 08:46:44Z INFO Terminal] WRITE: Enter the name of runner: 
[2025-05-13 08:46:44Z INFO Terminal] WRITE: [press Enter for UMARVICTUS] 
[2025-05-13 08:46:44Z INFO Terminal] READ LINE
[2025-05-13 08:46:58Z INFO Terminal] Read value: 'SCD_Project'
[2025-05-13 08:46:58Z INFO Terminal] WRITE LINE: 
[2025-05-13 08:46:58Z INFO CommandSettings] Arg 'labels': ''
[2025-05-13 08:46:58Z INFO CommandSettings] Flag 'unattended': 'False'
[2025-05-13 08:46:58Z INFO PromptManager] ReadValue
[2025-05-13 08:46:58Z INFO Terminal] WRITE: This runner will have the following labels: 'self-hosted', 'Windows', 'X64' 
Enter any additional labels (ex. label-1,label-2): 
[2025-05-13 08:46:58Z INFO Terminal] WRITE: [press Enter to skip] 
[2025-05-13 08:46:58Z INFO Terminal] READ LINE
[2025-05-13 08:47:03Z INFO Terminal] Read value: ''
[2025-05-13 08:47:03Z INFO Terminal] WRITE LINE: 
[2025-05-13 08:47:03Z INFO CommandSettings] Flag 'disableupdate': 'False'
[2025-05-13 08:47:03Z INFO CommandSettings] Flag 'no-default-labels': 'False'
[2025-05-13 08:47:03Z INFO CommandSettings] Flag 'disableupdate': 'False'
[2025-05-13 08:47:03Z INFO CommandSettings] Flag 'ephemeral': 'False'
[2025-05-13 08:47:03Z INFO ConfigurationStore] Saving OAuth credential @ F:\CloudDrive\UNI\Semester 8 + 6\SCD\Project\scdproject\runner\.credentials
[2025-05-13 08:47:03Z INFO ConfigurationStore] Credentials Saved.
[2025-05-13 08:47:03Z INFO ConfigurationStore] HasCredentials()
[2025-05-13 08:47:03Z INFO ConfigurationStore] stored True
[2025-05-13 08:47:03Z INFO CredentialManager] GetCredentialProvider
[2025-05-13 08:47:03Z INFO CredentialManager] Creating type OAuth
[2025-05-13 08:47:03Z INFO CredentialManager] Creating credential type: OAuth
[2025-05-13 08:47:03Z INFO RSAEncryptedFileKeyManager] Loading RSA key parameters from file F:\CloudDrive\UNI\Semester 8 + 6\SCD\Project\scdproject\runner\.credentials_rsaparams
[2025-05-13 08:47:03Z INFO RunnerServer] EstablishVssConnection
[2025-05-13 08:47:03Z INFO RunnerServer] Establish connection with 100 seconds timeout.
[2025-05-13 08:47:03Z INFO GitHubActionsService] Starting operation Location.GetConnectionData
[2025-05-13 08:47:03Z INFO RunnerServer] EstablishVssConnection
[2025-05-13 08:47:03Z INFO RunnerServer] Establish connection with 60 seconds timeout.
[2025-05-13 08:47:03Z INFO GitHubActionsService] Starting operation Location.GetConnectionData
[2025-05-13 08:47:03Z INFO RunnerServer] EstablishVssConnection
[2025-05-13 08:47:03Z INFO RunnerServer] Establish connection with 60 seconds timeout.
[2025-05-13 08:47:03Z INFO GitHubActionsService] Starting operation Location.GetConnectionData
[2025-05-13 08:47:04Z INFO GitHubActionsService] Finished operation Location.GetConnectionData
[2025-05-13 08:47:04Z INFO GitHubActionsService] Finished operation Location.GetConnectionData
[2025-05-13 08:47:04Z INFO GitHubActionsService] Finished operation Location.GetConnectionData
[2025-05-13 08:47:05Z INFO RSAEncryptedFileKeyManager] Loading RSA key parameters from file F:\CloudDrive\UNI\Semester 8 + 6\SCD\Project\scdproject\runner\.credentials_rsaparams
[2025-05-13 08:47:05Z INFO RSAEncryptedFileKeyManager] Loading RSA key parameters from file F:\CloudDrive\UNI\Semester 8 + 6\SCD\Project\scdproject\runner\.credentials_rsaparams
[2025-05-13 08:47:06Z INFO GitHubActionsService] AAD Correlation ID for this token request: Unknown
[2025-05-13 08:47:06Z INFO CommandSettings] Arg 'work': ''
[2025-05-13 08:47:06Z INFO CommandSettings] Flag 'unattended': 'False'
[2025-05-13 08:47:06Z INFO PromptManager] ReadValue
[2025-05-13 08:47:06Z INFO Terminal] WRITE: Enter name of work folder: 
[2025-05-13 08:47:06Z INFO Terminal] WRITE: [press Enter for _work] 
[2025-05-13 08:47:06Z INFO Terminal] READ LINE
[2025-05-13 08:47:18Z INFO Terminal] Read value: ''
[2025-05-13 08:47:18Z INFO PromptManager] Falling back to the default: '_work'
[2025-05-13 08:47:18Z INFO ConfigurationStore] Saving runner settings.
[2025-05-13 08:47:18Z INFO ConfigurationStore] Settings Saved.
[2025-05-13 08:47:18Z INFO Terminal] WRITE LINE: 
[2025-05-13 08:47:18Z INFO Terminal] WRITE LINE: 
[2025-05-13 08:47:18Z INFO CommandSettings] Flag 'runasservice': 'False'
[2025-05-13 08:47:18Z INFO CommandSettings] Flag 'unattended': 'False'
[2025-05-13 08:47:18Z INFO PromptManager] ReadValue
[2025-05-13 08:47:18Z INFO Terminal] WRITE: Would you like to run the runner as service? (Y/N) 
[2025-05-13 08:47:18Z INFO Terminal] WRITE: [press Enter for N] 
[2025-05-13 08:47:18Z INFO Terminal] READ LINE
[2025-05-13 08:47:25Z INFO Terminal] Read value: ''
[2025-05-13 08:47:25Z INFO PromptManager] Falling back to the default: 'N'
[2025-05-13 08:47:25Z INFO Listener] Runner execution has finished with return code 0
